# Logfile created on 2020-08-26 18:33:01 +0300 by logger.rb/66358
[2020-08-26T18:33:07.186+03:00] [0;36mINFO[0m: http
{
           :time[0;37m => [0m[0;32m2020-08-26 15:33:07 UTC[0m,
           :usec[0;37m => [0m[1;34m13740[0m,
    :remote_addr[0;37m => [0m[0;33m"127.0.0.1"[0m,
         :method[0;37m => [0m[0;33m"POST"[0m,
           :path[0;37m => [0m[0;33m"/v1/auth"[0m,
          :query[0;37m => [0m[0;33m""[0m,
         :status[0;37m => [0m[1;34m422[0m,
        :service[0;37m => [0m{
        :name[0;37m => [0m[1;31mnil[0m
    },
     :request_id[0;37m => [0m[0;33m"d20b99689d42aa2daeb281ed4707cb33"[0m
}
[2020-08-26T18:45:56.094+03:00] [0;36mINFO[0m: http
{
           :time[0;37m => [0m[0;32m2020-08-26 15:45:56 UTC[0m,
           :usec[0;37m => [0m[1;34m547[0m,
    :remote_addr[0;37m => [0m[0;33m"127.0.0.1"[0m,
         :method[0;37m => [0m[0;33m"POST"[0m,
           :path[0;37m => [0m[0;33m"/v1/auth"[0m,
          :query[0;37m => [0m[0;33m""[0m,
         :status[0;37m => [0m[1;34m422[0m,
        :service[0;37m => [0m{
        :name[0;37m => [0m[1;31mnil[0m
    },
     :request_id[0;37m => [0m[0;33m"86b8cf401c76225ccb38e27bcea128ae"[0m
}
